# JRE version: Java(TM) SE Runtime Environment (8.0_181-b13) (build 1.8.0_181-b13)
# Java VM: Java HotSpot(TM) 64-Bit Server VM (25.181-b13 mixed mode windows-amd64 compressed oops)
Heap:
 PSYoungGen      total 196608K, used 33050K [0x000000076b180000, 0x000000077d680000, 0x00000007c0000000)
  eden space 172032K, 4% used [0x000000076b180000,0x000000076b9ca628,0x0000000775980000)
  from space 24576K, 99% used [0x0000000775980000,0x000000077717c280,0x0000000777180000)
  to   space 33280K, 0% used [0x000000077b600000,0x000000077b600000,0x000000077d680000)
 ParOldGen       total 113664K, used 37113K [0x00000006c1400000, 0x00000006c8300000, 0x000000076b180000)
  object space 113664K, 32% used [0x00000006c1400000,0x00000006c383e548,0x00000006c8300000)
 Metaspace       used 26616K, capacity 27262K, committed 27568K, reserved 1073152K
  class space    used 2990K, capacity 3199K, committed 3248K, reserved 1048576K
GC Heap History (10 events):
Event: 9.030 GC heap before
{Heap before GC invocations=6 (full 1):
 PSYoungGen      total 76288K, used 10732K [0x000000076b180000, 0x0000000775380000, 0x00000007c0000000)
  eden space 65536K, 0% used [0x000000076b180000,0x000000076b180000,0x000000076f180000)
  from space 10752K, 99% used [0x000000076f180000,0x000000076fbfb1f8,0x000000076fc00000)
  to   space 17408K, 0% used [0x0000000774280000,0x0000000774280000,0x0000000775380000)
 ParOldGen       total 175104K, used 9710K [0x00000006c1400000, 0x00000006cbf00000, 0x000000076b180000)
  object space 175104K, 5% used [0x00000006c1400000,0x00000006c1d7bb60,0x00000006cbf00000)
 Metaspace       used 20650K, capacity 21202K, committed 21296K, reserved 1069056K
  class space    used 2438K, capacity 2586K, committed 2608K, reserved 1048576K
Event: 9.184 GC heap after
Heap after GC invocations=6 (full 1):
 PSYoungGen      total 76288K, used 0K [0x000000076b180000, 0x0000000775380000, 0x00000007c0000000)
  eden space 65536K, 0% used [0x000000076b180000,0x000000076b180000,0x000000076f180000)
  from space 10752K, 0% used [0x000000076f180000,0x000000076f180000,0x000000076fc00000)
  to   space 17408K, 0% used [0x0000000774280000,0x0000000774280000,0x0000000775380000)
 ParOldGen       total 113664K, used 17149K [0x00000006c1400000, 0x00000006c8300000, 0x000000076b180000)
  object space 113664K, 15% used [0x00000006c1400000,0x00000006c24bf550,0x00000006c8300000)
 Metaspace       used 20650K, capacity 21202K, committed 21296K, reserved 1069056K
  class space    used 2438K, capacity 2586K, committed 2608K, reserved 1048576K
}
Event: 11.548 GC heap before
{Heap before GC invocations=7 (full 1):
 PSYoungGen      total 76288K, used 65536K [0x000000076b180000, 0x0000000775380000, 0x00000007c0000000)
  eden space 65536K, 100% used [0x000000076b180000,0x000000076f180000,0x000000076f180000)
  from space 10752K, 0% used [0x000000076f180000,0x000000076f180000,0x000000076fc00000)
  to   space 17408K, 0% used [0x0000000774280000,0x0000000774280000,0x0000000775380000)
 ParOldGen       total 113664K, used 17149K [0x00000006c1400000, 0x00000006c8300000, 0x000000076b180000)
  object space 113664K, 15% used [0x00000006c1400000,0x00000006c24bf550,0x00000006c8300000)
 Metaspace       used 22805K, capacity 23378K, committed 23600K, reserved 1071104K
  class space    used 2623K, capacity 2778K, committed 2864K, reserved 1048576K
Event: 11.570 GC heap after
Heap after GC invocations=7 (full 1):
 PSYoungGen      total 120832K, used 17399K [0x000000076b180000, 0x0000000775380000, 0x00000007c0000000)
  eden space 103424K, 0% used [0x000000076b180000,0x000000076b180000,0x0000000771680000)
  from space 17408K, 99% used [0x0000000774280000,0x000000077537dda8,0x0000000775380000)
  to   space 19456K, 0% used [0x0000000772d80000,0x0000000772d80000,0x0000000774080000)
 ParOldGen       total 113664K, used 17855K [0x00000006c1400000, 0x00000006c8300000, 0x000000076b180000)
  object space 113664K, 15% used [0x00000006c1400000,0x00000006c256fc50,0x00000006c8300000)
 Metaspace       used 22805K, capacity 23378K, committed 23600K, reserved 1071104K
  class space    used 2623K, capacity 2778K, committed 2864K, reserved 1048576K
}
Event: 11.695 GC heap before
{Heap before GC invocations=8 (full 1):
 PSYoungGen      total 120832K, used 120823K [0x000000076b180000, 0x0000000775380000, 0x00000007c0000000)
  eden space 103424K, 100% used [0x000000076b180000,0x0000000771680000,0x0000000771680000)
  from space 17408K, 99% used [0x0000000774280000,0x000000077537dda8,0x0000000775380000)
  to   space 19456K, 0% used [0x0000000772d80000,0x0000000772d80000,0x0000000774080000)
 ParOldGen       total 113664K, used 17855K [0x00000006c1400000, 0x00000006c8300000, 0x000000076b180000)
  object space 113664K, 15% used [0x00000006c1400000,0x00000006c256fc50,0x00000006c8300000)
 Metaspace       used 22812K, capacity 23378K, committed 23600K, reserved 1071104K
  class space    used 2623K, capacity 2778K, committed 2864K, reserved 1048576K
Event: 11.707 GC heap after
Heap after GC invocations=8 (full 1):
 PSYoungGen      total 146432K, used 16514K [0x000000076b180000, 0x0000000778580000, 0x00000007c0000000)
  eden space 126976K, 0% used [0x000000076b180000,0x000000076b180000,0x0000000772d80000)
  from space 19456K, 84% used [0x0000000772d80000,0x0000000773da0a18,0x0000000774080000)
  to   space 20480K, 0% used [0x0000000777180000,0x0000000777180000,0x0000000778580000)
 ParOldGen       total 113664K, used 17882K [0x00000006c1400000, 0x00000006c8300000, 0x000000076b180000)
  object space 113664K, 15% used [0x00000006c1400000,0x00000006c25768a0,0x00000006c8300000)
 Metaspace       used 22812K, capacity 23378K, committed 23600K, reserved 1071104K
  class space    used 2623K, capacity 2778K, committed 2864K, reserved 1048576K
}
Event: 14.338 GC heap before
{Heap before GC invocations=9 (full 1):
 PSYoungGen      total 146432K, used 143490K [0x000000076b180000, 0x0000000778580000, 0x00000007c0000000)
  eden space 126976K, 100% used [0x000000076b180000,0x0000000772d80000,0x0000000772d80000)
  from space 19456K, 84% used [0x0000000772d80000,0x0000000773da0a18,0x0000000774080000)
  to   space 20480K, 0% used [0x0000000777180000,0x0000000777180000,0x0000000778580000)
 ParOldGen       total 113664K, used 17882K [0x00000006c1400000, 0x00000006c8300000, 0x000000076b180000)
  object space 113664K, 15% used [0x00000006c1400000,0x00000006c25768a0,0x00000006c8300000)
 Metaspace       used 23376K, capacity 23966K, committed 24112K, reserved 1071104K
  class space    used 2673K, capacity 2850K, committed 2864K, reserved 1048576K
Event: 14.356 GC heap after
Heap after GC invocations=9 (full 1):
 PSYoungGen      total 192512K, used 20449K [0x000000076b180000, 0x000000077ae00000, 0x00000007c0000000)
  eden space 172032K, 0% used [0x000000076b180000,0x000000076b180000,0x0000000775980000)
  from space 20480K, 99% used [0x0000000777180000,0x0000000778578518,0x0000000778580000)
  to   space 24576K, 0% used [0x0000000775980000,0x0000000775980000,0x0000000777180000)
 ParOldGen       total 113664K, used 22484K [0x00000006c1400000, 0x00000006c8300000, 0x000000076b180000)
  object space 113664K, 19% used [0x00000006c1400000,0x00000006c29f5070,0x00000006c8300000)
 Metaspace       used 23376K, capacity 23966K, committed 24112K, reserved 1071104K
  class space    used 2673K, capacity 2850K, committed 2864K, reserved 1048576K
}
Event: 24.276 GC heap before
{Heap before GC invocations=10 (full 1):
 PSYoungGen      total 192512K, used 192481K [0x000000076b180000, 0x000000077ae00000, 0x00000007c0000000)
  eden space 172032K, 100% used [0x000000076b180000,0x0000000775980000,0x0000000775980000)
  from space 20480K, 99% used [0x0000000777180000,0x0000000778578518,0x0000000778580000)
  to   space 24576K, 0% used [0x0000000775980000,0x0000000775980000,0x0000000777180000)
 ParOldGen       total 113664K, used 22484K [0x00000006c1400000, 0x00000006c8300000, 0x000000076b180000)
  object space 113664K, 19% used [0x00000006c1400000,0x00000006c29f5070,0x00000006c8300000)
 Metaspace       used 26599K, capacity 27262K, committed 27568K, reserved 1073152K
  class space    used 2990K, capacity 3199K, committed 3248K, reserved 1048576K
Event: 24.321 GC heap after
Heap after GC invocations=10 (full 1):
 PSYoungGen      total 196608K, used 24560K [0x000000076b180000, 0x000000077d680000, 0x00000007c0000000)
  eden space 172032K, 0% used [0x000000076b180000,0x000000076b180000,0x0000000775980000)
  from space 24576K, 99% used [0x0000000775980000,0x000000077717c280,0x0000000777180000)
  to   space 33280K, 0% used [0x000000077b600000,0x000000077b600000,0x000000077d680000)
 ParOldGen       total 113664K, used 37113K [0x00000006c1400000, 0x00000006c8300000, 0x000000076b180000)
  object space 113664K, 32% used [0x00000006c1400000,0x00000006c383e548,0x00000006c8300000)
 Metaspace       used 26599K, capacity 27262K, committed 27568K, reserved 1073152K
  class space    used 2990K, capacity 3199K, committed 3248K, reserved 1048576K
}

